# JRE version: OpenJDK Runtime Environment (8.0_152) (build 1.8.0_152-release-1343-b16-5323222)
# Java VM: OpenJDK 64-Bit Server VM (25.152-b16-5323222 mixed mode linux-amd64 compressed oops)
Heap:
 PSYoungGen      total 217600K, used 15350K [0x000000076ab00000, 0x0000000778e80000, 0x00000007c0000000)
  eden space 202240K, 0% used [0x000000076ab00000,0x000000076ab00000,0x0000000777080000)
  from space 15360K, 99% used [0x0000000777080000,0x0000000777f7d9a8,0x0000000777f80000)
  to   space 13312K, 0% used [0x0000000778180000,0x0000000778180000,0x0000000778e80000)
 ParOldGen       total 94208K, used 24097K [0x00000006c0000000, 0x00000006c5c00000, 0x000000076ab00000)
  object space 94208K, 25% used [0x00000006c0000000,0x00000006c1788410,0x00000006c5c00000)
 Metaspace       used 50637K, capacity 51556K, committed 51752K, reserved 1093632K
  class space    used 6812K, capacity 7096K, committed 7208K, reserved 1048576K
GC Heap History (10 events):
Event: 6,216 GC heap after
Heap after GC invocations=4 (full 0):
 PSYoungGen      total 130048K, used 5108K [0x000000076ab00000, 0x0000000772f00000, 0x00000007c0000000)
  eden space 124928K, 0% used [0x000000076ab00000,0x000000076ab00000,0x0000000772500000)
  from space 5120K, 99% used [0x0000000772a00000,0x0000000772efd050,0x0000000772f00000)
  to   space 5120K, 0% used [0x0000000772500000,0x0000000772500000,0x0000000772a00000)
 ParOldGen       total 83456K, used 10923K [0x00000006c0000000, 0x00000006c5180000, 0x000000076ab00000)
  object space 83456K, 13% used [0x00000006c0000000,0x00000006c0aaaf68,0x00000006c5180000)
 Metaspace       used 20653K, capacity 21064K, committed 21296K, reserved 1067008K
  class space    used 2896K, capacity 3090K, committed 3200K, reserved 1048576K
}
Event: 6,216 GC heap before
{Heap before GC invocations=5 (full 1):
 PSYoungGen      total 130048K, used 5108K [0x000000076ab00000, 0x0000000772f00000, 0x00000007c0000000)
  eden space 124928K, 0% used [0x000000076ab00000,0x000000076ab00000,0x0000000772500000)
  from space 5120K, 99% used [0x0000000772a00000,0x0000000772efd050,0x0000000772f00000)
  to   space 5120K, 0% used [0x0000000772500000,0x0000000772500000,0x0000000772a00000)
 ParOldGen       total 83456K, used 10923K [0x00000006c0000000, 0x00000006c5180000, 0x000000076ab00000)
  object space 83456K, 13% used [0x00000006c0000000,0x00000006c0aaaf68,0x00000006c5180000)
 Metaspace       used 20653K, capacity 21064K, committed 21296K, reserved 1067008K
  class space    used 2896K, capacity 3090K, committed 3200K, reserved 1048576K
Event: 6,278 GC heap after
Heap after GC invocations=5 (full 1):
 PSYoungGen      total 130048K, used 0K [0x000000076ab00000, 0x0000000772f00000, 0x00000007c0000000)
  eden space 124928K, 0% used [0x000000076ab00000,0x000000076ab00000,0x0000000772500000)
  from space 5120K, 0% used [0x0000000772a00000,0x0000000772a00000,0x0000000772f00000)
  to   space 5120K, 0% used [0x0000000772500000,0x0000000772500000,0x0000000772a00000)
 ParOldGen       total 62464K, used 10972K [0x00000006c0000000, 0x00000006c3d00000, 0x000000076ab00000)
  object space 62464K, 17% used [0x00000006c0000000,0x00000006c0ab7020,0x00000006c3d00000)
 Metaspace       used 20653K, capacity 21064K, committed 21296K, reserved 1067008K
  class space    used 2896K, capacity 3090K, committed 3200K, reserved 1048576K
}
Event: 8,333 GC heap before
{Heap before GC invocations=6 (full 1):
 PSYoungGen      total 130048K, used 124928K [0x000000076ab00000, 0x0000000772f00000, 0x00000007c0000000)
  eden space 124928K, 100% used [0x000000076ab00000,0x0000000772500000,0x0000000772500000)
  from space 5120K, 0% used [0x0000000772a00000,0x0000000772a00000,0x0000000772f00000)
  to   space 5120K, 0% used [0x0000000772500000,0x0000000772500000,0x0000000772a00000)
 ParOldGen       total 62464K, used 10972K [0x00000006c0000000, 0x00000006c3d00000, 0x000000076ab00000)
  object space 62464K, 17% used [0x00000006c0000000,0x00000006c0ab7020,0x00000006c3d00000)
 Metaspace       used 31445K, capacity 31934K, committed 32256K, reserved 1077248K
  class space    used 4336K, capacity 4525K, committed 4608K, reserved 1048576K
Event: 8,379 GC heap after
Heap after GC invocations=6 (full 1):
 PSYoungGen      total 130048K, used 5120K [0x000000076ab00000, 0x0000000779080000, 0x00000007c0000000)
  eden space 124928K, 0% used [0x000000076ab00000,0x000000076ab00000,0x0000000772500000)
  from space 5120K, 100% used [0x0000000772500000,0x0000000772a00000,0x0000000772a00000)
  to   space 15360K, 0% used [0x0000000778180000,0x0000000778180000,0x0000000779080000)
 ParOldGen       total 62464K, used 18147K [0x00000006c0000000, 0x00000006c3d00000, 0x000000076ab00000)
  object space 62464K, 29% used [0x00000006c0000000,0x00000006c11b8e68,0x00000006c3d00000)
 Metaspace       used 31445K, capacity 31934K, committed 32256K, reserved 1077248K
  class space    used 4336K, capacity 4525K, committed 4608K, reserved 1048576K
}
Event: 9,584 GC heap before
{Heap before GC invocations=7 (full 1):
 PSYoungGen      total 130048K, used 54841K [0x000000076ab00000, 0x0000000779080000, 0x00000007c0000000)
  eden space 124928K, 39% used [0x000000076ab00000,0x000000076db8e7b0,0x0000000772500000)
  from space 5120K, 100% used [0x0000000772500000,0x0000000772a00000,0x0000000772a00000)
  to   space 15360K, 0% used [0x0000000778180000,0x0000000778180000,0x0000000779080000)
 ParOldGen       total 62464K, used 18147K [0x00000006c0000000, 0x00000006c3d00000, 0x000000076ab00000)
  object space 62464K, 29% used [0x00000006c0000000,0x00000006c11b8e68,0x00000006c3d00000)
 Metaspace       used 34808K, capacity 35390K, committed 35496K, reserved 1079296K
  class space    used 4796K, capacity 4997K, committed 5032K, reserved 1048576K
Event: 9,601 GC heap after
Heap after GC invocations=7 (full 1):
 PSYoungGen      total 215552K, used 9601K [0x000000076ab00000, 0x0000000778e80000, 0x00000007c0000000)
  eden space 202240K, 0% used [0x000000076ab00000,0x000000076ab00000,0x0000000777080000)
  from space 13312K, 72% used [0x0000000778180000,0x0000000778ae0750,0x0000000778e80000)
  to   space 15360K, 0% used [0x0000000777080000,0x0000000777080000,0x0000000777f80000)
 ParOldGen       total 62464K, used 18155K [0x00000006c0000000, 0x00000006c3d00000, 0x000000076ab00000)
  object space 62464K, 29% used [0x00000006c0000000,0x00000006c11bae68,0x00000006c3d00000)
 Metaspace       used 34808K, capacity 35390K, committed 35496K, reserved 1079296K
  class space    used 4796K, capacity 4997K, committed 5032K, reserved 1048576K
}
Event: 9,601 GC heap before
{Heap before GC invocations=8 (full 2):
 PSYoungGen      total 215552K, used 9601K [0x000000076ab00000, 0x0000000778e80000, 0x00000007c0000000)
  eden space 202240K, 0% used [0x000000076ab00000,0x000000076ab00000,0x0000000777080000)
  from space 13312K, 72% used [0x0000000778180000,0x0000000778ae0750,0x0000000778e80000)
  to   space 15360K, 0% used [0x0000000777080000,0x0000000777080000,0x0000000777f80000)
 ParOldGen       total 62464K, used 18155K [0x00000006c0000000, 0x00000006c3d00000, 0x000000076ab00000)
  object space 62464K, 29% used [0x00000006c0000000,0x00000006c11bae68,0x00000006c3d00000)
 Metaspace       used 34808K, capacity 35390K, committed 35496K, reserved 1079296K
  class space    used 4796K, capacity 4997K, committed 5032K, reserved 1048576K
Event: 9,710 GC heap after
Heap after GC invocations=8 (full 2):
 PSYoungGen      total 215552K, used 0K [0x000000076ab00000, 0x0000000778e80000, 0x00000007c0000000)
  eden space 202240K, 0% used [0x000000076ab00000,0x000000076ab00000,0x0000000777080000)
  from space 13312K, 0% used [0x0000000778180000,0x0000000778180000,0x0000000778e80000)
  to   space 15360K, 0% used [0x0000000777080000,0x0000000777080000,0x0000000777f80000)
 ParOldGen       total 94208K, used 16353K [0x00000006c0000000, 0x00000006c5c00000, 0x000000076ab00000)
  object space 94208K, 17% used [0x00000006c0000000,0x00000006c0ff8468,0x00000006c5c00000)
 Metaspace       used 34798K, capacity 35354K, committed 35496K, reserved 1079296K
  class space    used 4793K, capacity 4991K, committed 5032K, reserved 1048576K
}
Event: 14,869 GC heap before
{Heap before GC invocations=9 (full 2):
 PSYoungGen      total 215552K, used 202240K [0x000000076ab00000, 0x0000000778e80000, 0x00000007c0000000)
  eden space 202240K, 100% used [0x000000076ab00000,0x0000000777080000,0x0000000777080000)
  from space 13312K, 0% used [0x0000000778180000,0x0000000778180000,0x0000000778e80000)
  to   space 15360K, 0% used [0x0000000777080000,0x0000000777080000,0x0000000777f80000)
 ParOldGen       total 94208K, used 16353K [0x00000006c0000000, 0x00000006c5c00000, 0x000000076ab00000)
  object space 94208K, 17% used [0x00000006c0000000,0x00000006c0ff8468,0x00000006c5c00000)
 Metaspace       used 50637K, capacity 51556K, committed 51752K, reserved 1093632K
  class space    used 6812K, capacity 7096K, committed 7208K, reserved 1048576K

