# JRE version: OpenJDK Runtime Environment (8.0_152) (build 1.8.0_152-release-1343-b16-5323222)
# Java VM: OpenJDK 64-Bit Server VM (25.152-b16-5323222 mixed mode linux-amd64 compressed oops)
Heap:
 PSYoungGen      total 204288K, used 7470K [0x000000076ab00000, 0x0000000779780000, 0x00000007c0000000)
  eden space 190976K, 0% used [0x000000076ab00000,0x000000076ab00000,0x0000000776580000)
  from space 13312K, 56% used [0x0000000776580000,0x0000000776ccb8b8,0x0000000777280000)
  to   space 13824K, 0% used [0x0000000777280000,0x0000000777280000,0x0000000778000000)
 ParOldGen       total 87040K, used 18028K [0x00000006c0000000, 0x00000006c5500000, 0x000000076ab00000)
  object space 87040K, 20% used [0x00000006c0000000,0x00000006c119b000,0x00000006c5500000)
 Metaspace       used 43379K, capacity 44150K, committed 44544K, reserved 1087488K
  class space    used 5582K, capacity 5791K, committed 5888K, reserved 1048576K
GC Heap History (10 events):
Event: 15,234 GC heap after
Heap after GC invocations=8 (full 1):
 PSYoungGen      total 133632K, used 11756K [0x000000076ab00000, 0x0000000777f80000, 0x00000007c0000000)
  eden space 121856K, 0% used [0x000000076ab00000,0x000000076ab00000,0x0000000772200000)
  from space 11776K, 99% used [0x0000000772200000,0x0000000772d7b178,0x0000000772d80000)
  to   space 13824K, 0% used [0x0000000777200000,0x0000000777200000,0x0000000777f80000)
 ParOldGen       total 55296K, used 10822K [0x00000006c0000000, 0x00000006c3600000, 0x000000076ab00000)
  object space 55296K, 19% used [0x00000006c0000000,0x00000006c0a918b0,0x00000006c3600000)
 Metaspace       used 34649K, capacity 35186K, committed 35456K, reserved 1079296K
  class space    used 4663K, capacity 4877K, committed 4992K, reserved 1048576K
}
Event: 15,234 GC heap before
{Heap before GC invocations=9 (full 2):
 PSYoungGen      total 133632K, used 11756K [0x000000076ab00000, 0x0000000777f80000, 0x00000007c0000000)
  eden space 121856K, 0% used [0x000000076ab00000,0x000000076ab00000,0x0000000772200000)
  from space 11776K, 99% used [0x0000000772200000,0x0000000772d7b178,0x0000000772d80000)
  to   space 13824K, 0% used [0x0000000777200000,0x0000000777200000,0x0000000777f80000)
 ParOldGen       total 55296K, used 10822K [0x00000006c0000000, 0x00000006c3600000, 0x000000076ab00000)
  object space 55296K, 19% used [0x00000006c0000000,0x00000006c0a918b0,0x00000006c3600000)
 Metaspace       used 34649K, capacity 35186K, committed 35456K, reserved 1079296K
  class space    used 4663K, capacity 4877K, committed 4992K, reserved 1048576K
Event: 15,377 GC heap after
Heap after GC invocations=9 (full 2):
 PSYoungGen      total 133632K, used 0K [0x000000076ab00000, 0x0000000777f80000, 0x00000007c0000000)
  eden space 121856K, 0% used [0x000000076ab00000,0x000000076ab00000,0x0000000772200000)
  from space 11776K, 0% used [0x0000000772200000,0x0000000772200000,0x0000000772d80000)
  to   space 13824K, 0% used [0x0000000777200000,0x0000000777200000,0x0000000777f80000)
 ParOldGen       total 87040K, used 17923K [0x00000006c0000000, 0x00000006c5500000, 0x000000076ab00000)
  object space 87040K, 20% used [0x00000006c0000000,0x00000006c1180ff0,0x00000006c5500000)
 Metaspace       used 34626K, capacity 35156K, committed 35456K, reserved 1079296K
  class space    used 4655K, capacity 4867K, committed 4992K, reserved 1048576K
}
Event: 25,719 GC heap before
{Heap before GC invocations=10 (full 2):
 PSYoungGen      total 133632K, used 121856K [0x000000076ab00000, 0x0000000777f80000, 0x00000007c0000000)
  eden space 121856K, 100% used [0x000000076ab00000,0x0000000772200000,0x0000000772200000)
  from space 11776K, 0% used [0x0000000772200000,0x0000000772200000,0x0000000772d80000)
  to   space 13824K, 0% used [0x0000000777200000,0x0000000777200000,0x0000000777f80000)
 ParOldGen       total 87040K, used 17923K [0x00000006c0000000, 0x00000006c5500000, 0x000000076ab00000)
  object space 87040K, 20% used [0x00000006c0000000,0x00000006c1180ff0,0x00000006c5500000)
 Metaspace       used 42419K, capacity 43096K, committed 43392K, reserved 1087488K
  class space    used 5552K, capacity 5750K, committed 5760K, reserved 1048576K
Event: 25,747 GC heap after
Heap after GC invocations=10 (full 2):
 PSYoungGen      total 169984K, used 10378K [0x000000076ab00000, 0x0000000777c80000, 0x00000007c0000000)
  eden space 159232K, 0% used [0x000000076ab00000,0x000000076ab00000,0x0000000774680000)
  from space 10752K, 96% used [0x0000000777200000,0x0000000777c22868,0x0000000777c80000)
  to   space 14336K, 0% used [0x0000000776080000,0x0000000776080000,0x0000000776e80000)
 ParOldGen       total 87040K, used 17939K [0x00000006c0000000, 0x00000006c5500000, 0x000000076ab00000)
  object space 87040K, 20% used [0x00000006c0000000,0x00000006c1184ff0,0x00000006c5500000)
 Metaspace       used 42419K, capacity 43096K, committed 43392K, reserved 1087488K
  class space    used 5552K, capacity 5750K, committed 5760K, reserved 1048576K
}
Event: 34,575 GC heap before
{Heap before GC invocations=11 (full 2):
 PSYoungGen      total 169984K, used 169610K [0x000000076ab00000, 0x0000000777c80000, 0x00000007c0000000)
  eden space 159232K, 100% used [0x000000076ab00000,0x0000000774680000,0x0000000774680000)
  from space 10752K, 96% used [0x0000000777200000,0x0000000777c22868,0x0000000777c80000)
  to   space 14336K, 0% used [0x0000000776080000,0x0000000776080000,0x0000000776e80000)
 ParOldGen       total 87040K, used 17939K [0x00000006c0000000, 0x00000006c5500000, 0x000000076ab00000)
  object space 87040K, 20% used [0x00000006c0000000,0x00000006c1184ff0,0x00000006c5500000)
 Metaspace       used 43250K, capacity 44062K, committed 44544K, reserved 1087488K
  class space    used 5580K, capacity 5787K, committed 5888K, reserved 1048576K
Event: 34,749 GC heap after
Heap after GC invocations=11 (full 2):
 PSYoungGen      total 200192K, used 7145K [0x000000076ab00000, 0x0000000778000000, 0x00000007c0000000)
  eden space 185856K, 0% used [0x000000076ab00000,0x000000076ab00000,0x0000000776080000)
  from space 14336K, 49% used [0x0000000776080000,0x000000077677a710,0x0000000776e80000)
  to   space 13824K, 0% used [0x0000000777280000,0x0000000777280000,0x0000000778000000)
 ParOldGen       total 87040K, used 18012K [0x00000006c0000000, 0x00000006c5500000, 0x000000076ab00000)
  object space 87040K, 20% used [0x00000006c0000000,0x00000006c1197000,0x00000006c5500000)
 Metaspace       used 43250K, capacity 44062K, committed 44544K, reserved 1087488K
  class space    used 5580K, capacity 5787K, committed 5888K, reserved 1048576K
}
Event: 154,818 GC heap before
{Heap before GC invocations=12 (full 2):
 PSYoungGen      total 200192K, used 193001K [0x000000076ab00000, 0x0000000778000000, 0x00000007c0000000)
  eden space 185856K, 100% used [0x000000076ab00000,0x0000000776080000,0x0000000776080000)
  from space 14336K, 49% used [0x0000000776080000,0x000000077677a710,0x0000000776e80000)
  to   space 13824K, 0% used [0x0000000777280000,0x0000000777280000,0x0000000778000000)
 ParOldGen       total 87040K, used 18012K [0x00000006c0000000, 0x00000006c5500000, 0x000000076ab00000)
  object space 87040K, 20% used [0x00000006c0000000,0x00000006c1197000,0x00000006c5500000)
 Metaspace       used 43368K, capacity 44150K, committed 44544K, reserved 1087488K
  class space    used 5582K, capacity 5791K, committed 5888K, reserved 1048576K
Event: 154,864 GC heap after
Heap after GC invocations=12 (full 2):
 PSYoungGen      total 204800K, used 7835K [0x000000076ab00000, 0x0000000779780000, 0x00000007c0000000)
  eden space 190976K, 0% used [0x000000076ab00000,0x000000076ab00000,0x0000000776580000)
  from space 13824K, 56% used [0x0000000777280000,0x0000000777a26fc0,0x0000000778000000)
  to   space 13312K, 0% used [0x0000000776580000,0x0000000776580000,0x0000000777280000)
 ParOldGen       total 87040K, used 18020K [0x00000006c0000000, 0x00000006c5500000, 0x000000076ab00000)
  object space 87040K, 20% used [0x00000006c0000000,0x00000006c1199000,0x00000006c5500000)
 Metaspace       used 43368K, capacity 44150K, committed 44544K, reserved 1087488K
  class space    used 5582K, capacity 5791K, committed 5888K, reserved 1048576K
}
Event: 158,467 GC heap before
{Heap before GC invocations=13 (full 2):
 PSYoungGen      total 204800K, used 198811K [0x000000076ab00000, 0x0000000779780000, 0x00000007c0000000)
  eden space 190976K, 100% used [0x000000076ab00000,0x0000000776580000,0x0000000776580000)
  from space 13824K, 56% used [0x0000000777280000,0x0000000777a26fc0,0x0000000778000000)
  to   space 13312K, 0% used [0x0000000776580000,0x0000000776580000,0x0000000777280000)
 ParOldGen       total 87040K, used 18020K [0x00000006c0000000, 0x00000006c5500000, 0x000000076ab00000)
  object space 87040K, 20% used [0x00000006c0000000,0x00000006c1199000,0x00000006c5500000)
 Metaspace       used 43379K, capacity 44150K, committed 44544K, reserved 1087488K
  class space    used 5582K, capacity 5791K, committed 5888K, reserved 1048576K

