# JRE version: OpenJDK Runtime Environment (8.0_152) (build 1.8.0_152-release-1343-b16-5323222)
# Java VM: OpenJDK 64-Bit Server VM (25.152-b16-5323222 mixed mode linux-amd64 compressed oops)
Heap:
 PSYoungGen      total 158208K, used 13303K [0x000000076ab00000, 0x0000000775b80000, 0x00000007c0000000)
  eden space 144896K, 0% used [0x000000076ab00000,0x000000076ab00000,0x0000000773880000)
  from space 13312K, 99% used [0x0000000774180000,0x0000000774e7def8,0x0000000774e80000)
  to   space 11264K, 0% used [0x0000000775080000,0x0000000775080000,0x0000000775b80000)
 ParOldGen       total 77312K, used 28146K [0x00000006c0000000, 0x00000006c4b80000, 0x000000076ab00000)
  object space 77312K, 36% used [0x00000006c0000000,0x00000006c1b7ca40,0x00000006c4b80000)
 Metaspace       used 54927K, capacity 56132K, committed 56488K, reserved 1097728K
  class space    used 7394K, capacity 7738K, committed 7848K, reserved 1048576K
GC Heap History (10 events):
Event: 7,590 GC heap after
Heap after GC invocations=8 (full 1):
 PSYoungGen      total 72704K, used 7425K [0x000000076ab00000, 0x0000000772980000, 0x00000007c0000000)
  eden space 62464K, 0% used [0x000000076ab00000,0x000000076ab00000,0x000000076e800000)
  from space 10240K, 72% used [0x000000076e800000,0x000000076ef407d0,0x000000076f200000)
  to   space 10240K, 0% used [0x0000000771f80000,0x0000000771f80000,0x0000000772980000)
 ParOldGen       total 52224K, used 8178K [0x00000006c0000000, 0x00000006c3300000, 0x000000076ab00000)
  object space 52224K, 15% used [0x00000006c0000000,0x00000006c07fcbd8,0x00000006c3300000)
 Metaspace       used 28330K, capacity 28828K, committed 29184K, reserved 1075200K
  class space    used 3825K, capacity 4005K, committed 4096K, reserved 1048576K
}
Event: 8,212 GC heap before
{Heap before GC invocations=9 (full 1):
 PSYoungGen      total 72704K, used 69889K [0x000000076ab00000, 0x0000000772980000, 0x00000007c0000000)
  eden space 62464K, 100% used [0x000000076ab00000,0x000000076e800000,0x000000076e800000)
  from space 10240K, 72% used [0x000000076e800000,0x000000076ef407d0,0x000000076f200000)
  to   space 10240K, 0% used [0x0000000771f80000,0x0000000771f80000,0x0000000772980000)
 ParOldGen       total 52224K, used 8178K [0x00000006c0000000, 0x00000006c3300000, 0x000000076ab00000)
  object space 52224K, 15% used [0x00000006c0000000,0x00000006c07fcbd8,0x00000006c3300000)
 Metaspace       used 31457K, capacity 31934K, committed 32256K, reserved 1077248K
  class space    used 4342K, capacity 4525K, committed 4608K, reserved 1048576K
Event: 8,236 GC heap after
Heap after GC invocations=9 (full 1):
 PSYoungGen      total 119296K, used 8229K [0x000000076ab00000, 0x0000000772b00000, 0x00000007c0000000)
  eden space 109056K, 0% used [0x000000076ab00000,0x000000076ab00000,0x0000000771580000)
  from space 10240K, 80% used [0x0000000771f80000,0x0000000772789668,0x0000000772980000)
  to   space 10240K, 0% used [0x0000000771580000,0x0000000771580000,0x0000000771f80000)
 ParOldGen       total 52224K, used 8186K [0x00000006c0000000, 0x00000006c3300000, 0x000000076ab00000)
  object space 52224K, 15% used [0x00000006c0000000,0x00000006c07febd8,0x00000006c3300000)
 Metaspace       used 31457K, capacity 31934K, committed 32256K, reserved 1077248K
  class space    used 4342K, capacity 4525K, committed 4608K, reserved 1048576K
}
Event: 9,409 GC heap before
{Heap before GC invocations=10 (full 1):
 PSYoungGen      total 119296K, used 61099K [0x000000076ab00000, 0x0000000772b00000, 0x00000007c0000000)
  eden space 109056K, 48% used [0x000000076ab00000,0x000000076dea1690,0x0000000771580000)
  from space 10240K, 80% used [0x0000000771f80000,0x0000000772789668,0x0000000772980000)
  to   space 10240K, 0% used [0x0000000771580000,0x0000000771580000,0x0000000771f80000)
 ParOldGen       total 52224K, used 8186K [0x00000006c0000000, 0x00000006c3300000, 0x000000076ab00000)
  object space 52224K, 15% used [0x00000006c0000000,0x00000006c07febd8,0x00000006c3300000)
 Metaspace       used 34803K, capacity 35386K, committed 35496K, reserved 1079296K
  class space    used 4799K, capacity 5023K, committed 5032K, reserved 1048576K
Event: 9,425 GC heap after
Heap after GC invocations=10 (full 1):
 PSYoungGen      total 119296K, used 9630K [0x000000076ab00000, 0x0000000775b80000, 0x00000007c0000000)
  eden space 109056K, 0% used [0x000000076ab00000,0x000000076ab00000,0x0000000771580000)
  from space 10240K, 94% used [0x0000000771580000,0x0000000771ee7b50,0x0000000771f80000)
  to   space 11264K, 0% used [0x0000000775080000,0x0000000775080000,0x0000000775b80000)
 ParOldGen       total 52224K, used 8194K [0x00000006c0000000, 0x00000006c3300000, 0x000000076ab00000)
  object space 52224K, 15% used [0x00000006c0000000,0x00000006c0800bd8,0x00000006c3300000)
 Metaspace       used 34803K, capacity 35386K, committed 35496K, reserved 1079296K
  class space    used 4799K, capacity 5023K, committed 5032K, reserved 1048576K
}
Event: 9,425 GC heap before
{Heap before GC invocations=11 (full 2):
 PSYoungGen      total 119296K, used 9630K [0x000000076ab00000, 0x0000000775b80000, 0x00000007c0000000)
  eden space 109056K, 0% used [0x000000076ab00000,0x000000076ab00000,0x0000000771580000)
  from space 10240K, 94% used [0x0000000771580000,0x0000000771ee7b50,0x0000000771f80000)
  to   space 11264K, 0% used [0x0000000775080000,0x0000000775080000,0x0000000775b80000)
 ParOldGen       total 52224K, used 8194K [0x00000006c0000000, 0x00000006c3300000, 0x000000076ab00000)
  object space 52224K, 15% used [0x00000006c0000000,0x00000006c0800bd8,0x00000006c3300000)
 Metaspace       used 34803K, capacity 35386K, committed 35496K, reserved 1079296K
  class space    used 4799K, capacity 5023K, committed 5032K, reserved 1048576K
Event: 9,511 GC heap after
Heap after GC invocations=11 (full 2):
 PSYoungGen      total 119296K, used 0K [0x000000076ab00000, 0x0000000775b80000, 0x00000007c0000000)
  eden space 109056K, 0% used [0x000000076ab00000,0x000000076ab00000,0x0000000771580000)
  from space 10240K, 0% used [0x0000000771580000,0x0000000771580000,0x0000000771f80000)
  to   space 11264K, 0% used [0x0000000775080000,0x0000000775080000,0x0000000775b80000)
 ParOldGen       total 77312K, used 16420K [0x00000006c0000000, 0x00000006c4b80000, 0x000000076ab00000)
  object space 77312K, 21% used [0x00000006c0000000,0x00000006c10090b8,0x00000006c4b80000)
 Metaspace       used 34803K, capacity 35386K, committed 35496K, reserved 1079296K
  class space    used 4799K, capacity 5023K, committed 5032K, reserved 1048576K
}
Event: 11,398 GC heap before
{Heap before GC invocations=12 (full 2):
 PSYoungGen      total 119296K, used 109056K [0x000000076ab00000, 0x0000000775b80000, 0x00000007c0000000)
  eden space 109056K, 100% used [0x000000076ab00000,0x0000000771580000,0x0000000771580000)
  from space 10240K, 0% used [0x0000000771580000,0x0000000771580000,0x0000000771f80000)
  to   space 11264K, 0% used [0x0000000775080000,0x0000000775080000,0x0000000775b80000)
 ParOldGen       total 77312K, used 16420K [0x00000006c0000000, 0x00000006c4b80000, 0x000000076ab00000)
  object space 77312K, 21% used [0x00000006c0000000,0x00000006c10090b8,0x00000006c4b80000)
 Metaspace       used 43994K, capacity 44822K, committed 45096K, reserved 1087488K
  class space    used 5930K, capacity 6181K, committed 6184K, reserved 1048576K
Event: 11,424 GC heap after
Heap after GC invocations=12 (full 2):
 PSYoungGen      total 156160K, used 11256K [0x000000076ab00000, 0x0000000775b80000, 0x00000007c0000000)
  eden space 144896K, 0% used [0x000000076ab00000,0x000000076ab00000,0x0000000773880000)
  from space 11264K, 99% used [0x0000000775080000,0x0000000775b7e370,0x0000000775b80000)
  to   space 13312K, 0% used [0x0000000774180000,0x0000000774180000,0x0000000774e80000)
 ParOldGen       total 77312K, used 19271K [0x00000006c0000000, 0x00000006c4b80000, 0x000000076ab00000)
  object space 77312K, 24% used [0x00000006c0000000,0x00000006c12d1c30,0x00000006c4b80000)
 Metaspace       used 43994K, capacity 44822K, committed 45096K, reserved 1087488K
  class space    used 5930K, capacity 6181K, committed 6184K, reserved 1048576K
}
Event: 18,707 GC heap before
{Heap before GC invocations=13 (full 2):
 PSYoungGen      total 156160K, used 156152K [0x000000076ab00000, 0x0000000775b80000, 0x00000007c0000000)
  eden space 144896K, 100% used [0x000000076ab00000,0x0000000773880000,0x0000000773880000)
  from space 11264K, 99% used [0x0000000775080000,0x0000000775b7e370,0x0000000775b80000)
  to   space 13312K, 0% used [0x0000000774180000,0x0000000774180000,0x0000000774e80000)
 ParOldGen       total 77312K, used 19271K [0x00000006c0000000, 0x00000006c4b80000, 0x000000076ab00000)
  object space 77312K, 24% used [0x00000006c0000000,0x00000006c12d1c30,0x00000006c4b80000)
 Metaspace       used 54927K, capacity 56132K, committed 56488K, reserved 1097728K
  class space    used 7394K, capacity 7738K, committed 7848K, reserved 1048576K

