# JRE version: OpenJDK Runtime Environment (8.0_152) (build 1.8.0_152-release-1343-b16-5323222)
# Java VM: OpenJDK 64-Bit Server VM (25.152-b16-5323222 mixed mode linux-amd64 compressed oops)
Heap:
 PSYoungGen      total 257024K, used 24569K [0x000000076ab00000, 0x000000077c480000, 0x00000007c0000000)
  eden space 232448K, 0% used [0x000000076ab00000,0x000000076ab00000,0x0000000778e00000)
  from space 24576K, 99% used [0x0000000778e00000,0x000000077a5fe7a8,0x000000077a600000)
  to   space 22528K, 0% used [0x000000077a600000,0x000000077a600000,0x000000077bc00000)
 ParOldGen       total 122880K, used 85222K [0x00000006c0000000, 0x00000006c7800000, 0x000000076ab00000)
  object space 122880K, 69% used [0x00000006c0000000,0x00000006c5339b10,0x00000006c7800000)
 Metaspace       used 64296K, capacity 66196K, committed 66520K, reserved 1105920K
  class space    used 8666K, capacity 9095K, committed 9216K, reserved 1048576K
GC Heap History (10 events):
Event: 11,686 GC heap after
Heap after GC invocations=9 (full 2):
 PSYoungGen      total 133120K, used 0K [0x000000076ab00000, 0x0000000778580000, 0x00000007c0000000)
  eden space 121856K, 0% used [0x000000076ab00000,0x000000076ab00000,0x0000000772200000)
  from space 11264K, 0% used [0x0000000772200000,0x0000000772200000,0x0000000772d00000)
  to   space 13824K, 0% used [0x0000000777800000,0x0000000777800000,0x0000000778580000)
 ParOldGen       total 81408K, used 19272K [0x00000006c0000000, 0x00000006c4f80000, 0x000000076ab00000)
  object space 81408K, 23% used [0x00000006c0000000,0x00000006c12d2158,0x00000006c4f80000)
 Metaspace       used 34738K, capacity 35354K, committed 35456K, reserved 1079296K
  class space    used 4783K, capacity 4991K, committed 4992K, reserved 1048576K
}
Event: 14,145 GC heap before
{Heap before GC invocations=10 (full 2):
 PSYoungGen      total 133120K, used 121856K [0x000000076ab00000, 0x0000000778580000, 0x00000007c0000000)
  eden space 121856K, 100% used [0x000000076ab00000,0x0000000772200000,0x0000000772200000)
  from space 11264K, 0% used [0x0000000772200000,0x0000000772200000,0x0000000772d00000)
  to   space 13824K, 0% used [0x0000000777800000,0x0000000777800000,0x0000000778580000)
 ParOldGen       total 81408K, used 19272K [0x00000006c0000000, 0x00000006c4f80000, 0x000000076ab00000)
  object space 81408K, 23% used [0x00000006c0000000,0x00000006c12d2158,0x00000006c4f80000)
 Metaspace       used 44191K, capacity 45060K, committed 45184K, reserved 1087488K
  class space    used 5955K, capacity 6218K, committed 6272K, reserved 1048576K
Event: 14,204 GC heap after
Heap after GC invocations=10 (full 2):
 PSYoungGen      total 193536K, used 13815K [0x000000076ab00000, 0x0000000778580000, 0x00000007c0000000)
  eden space 179712K, 0% used [0x000000076ab00000,0x000000076ab00000,0x0000000775a80000)
  from space 13824K, 99% used [0x0000000777800000,0x000000077857dd88,0x0000000778580000)
  to   space 16384K, 0% used [0x0000000776580000,0x0000000776580000,0x0000000777580000)
 ParOldGen       total 81408K, used 21038K [0x00000006c0000000, 0x00000006c4f80000, 0x000000076ab00000)
  object space 81408K, 25% used [0x00000006c0000000,0x00000006c148b950,0x00000006c4f80000)
 Metaspace       used 44191K, capacity 45060K, committed 45184K, reserved 1087488K
  class space    used 5955K, capacity 6218K, committed 6272K, reserved 1048576K
}
Event: 18,070 GC heap before
{Heap before GC invocations=11 (full 2):
 PSYoungGen      total 193536K, used 182953K [0x000000076ab00000, 0x0000000778580000, 0x00000007c0000000)
  eden space 179712K, 94% used [0x000000076ab00000,0x000000077502c8c0,0x0000000775a80000)
  from space 13824K, 99% used [0x0000000777800000,0x000000077857dd88,0x0000000778580000)
  to   space 16384K, 0% used [0x0000000776580000,0x0000000776580000,0x0000000777580000)
 ParOldGen       total 81408K, used 21038K [0x00000006c0000000, 0x00000006c4f80000, 0x000000076ab00000)
  object space 81408K, 25% used [0x00000006c0000000,0x00000006c148b950,0x00000006c4f80000)
 Metaspace       used 57623K, capacity 59010K, committed 59096K, reserved 1099776K
  class space    used 7791K, capacity 8153K, committed 8192K, reserved 1048576K
Event: 18,235 GC heap after
Heap after GC invocations=11 (full 2):
 PSYoungGen      total 207360K, used 16368K [0x000000076ab00000, 0x000000077bc00000, 0x00000007c0000000)
  eden space 190976K, 0% used [0x000000076ab00000,0x000000076ab00000,0x0000000776580000)
  from space 16384K, 99% used [0x0000000776580000,0x000000077757c098,0x0000000777580000)
  to   space 22528K, 0% used [0x000000077a600000,0x000000077a600000,0x000000077bc00000)
 ParOldGen       total 81408K, used 30651K [0x00000006c0000000, 0x00000006c4f80000, 0x000000076ab00000)
  object space 81408K, 37% used [0x00000006c0000000,0x00000006c1deee88,0x00000006c4f80000)
 Metaspace       used 57623K, capacity 59010K, committed 59096K, reserved 1099776K
  class space    used 7791K, capacity 8153K, committed 8192K, reserved 1048576K
}
Event: 18,235 GC heap before
{Heap before GC invocations=12 (full 3):
 PSYoungGen      total 207360K, used 16368K [0x000000076ab00000, 0x000000077bc00000, 0x00000007c0000000)
  eden space 190976K, 0% used [0x000000076ab00000,0x000000076ab00000,0x0000000776580000)
  from space 16384K, 99% used [0x0000000776580000,0x000000077757c098,0x0000000777580000)
  to   space 22528K, 0% used [0x000000077a600000,0x000000077a600000,0x000000077bc00000)
 ParOldGen       total 81408K, used 30651K [0x00000006c0000000, 0x00000006c4f80000, 0x000000076ab00000)
  object space 81408K, 37% used [0x00000006c0000000,0x00000006c1deee88,0x00000006c4f80000)
 Metaspace       used 57623K, capacity 59010K, committed 59096K, reserved 1099776K
  class space    used 7791K, capacity 8153K, committed 8192K, reserved 1048576K
Event: 18,495 GC heap after
Heap after GC invocations=12 (full 3):
 PSYoungGen      total 207360K, used 0K [0x000000076ab00000, 0x000000077bc00000, 0x00000007c0000000)
  eden space 190976K, 0% used [0x000000076ab00000,0x000000076ab00000,0x0000000776580000)
  from space 16384K, 0% used [0x0000000776580000,0x0000000776580000,0x0000000777580000)
  to   space 22528K, 0% used [0x000000077a600000,0x000000077a600000,0x000000077bc00000)
 ParOldGen       total 122880K, used 39195K [0x00000006c0000000, 0x00000006c7800000, 0x000000076ab00000)
  object space 122880K, 31% used [0x00000006c0000000,0x00000006c2646db8,0x00000006c7800000)
 Metaspace       used 57623K, capacity 59010K, committed 59096K, reserved 1099776K
  class space    used 7791K, capacity 8153K, committed 8192K, reserved 1048576K
}
Event: 22,657 GC heap before
{Heap before GC invocations=13 (full 3):
 PSYoungGen      total 207360K, used 190976K [0x000000076ab00000, 0x000000077bc00000, 0x00000007c0000000)
  eden space 190976K, 100% used [0x000000076ab00000,0x0000000776580000,0x0000000776580000)
  from space 16384K, 0% used [0x0000000776580000,0x0000000776580000,0x0000000777580000)
  to   space 22528K, 0% used [0x000000077a600000,0x000000077a600000,0x000000077bc00000)
 ParOldGen       total 122880K, used 39195K [0x00000006c0000000, 0x00000006c7800000, 0x000000076ab00000)
  object space 122880K, 31% used [0x00000006c0000000,0x00000006c2646db8,0x00000006c7800000)
 Metaspace       used 62697K, capacity 64676K, committed 64856K, reserved 1105920K
  class space    used 8527K, capacity 9019K, committed 9088K, reserved 1048576K
Event: 22,705 GC heap after
Heap after GC invocations=13 (full 3):
 PSYoungGen      total 254976K, used 18569K [0x000000076ab00000, 0x000000077c480000, 0x00000007c0000000)
  eden space 232448K, 0% used [0x000000076ab00000,0x000000076ab00000,0x0000000778e00000)
  from space 22528K, 82% used [0x000000077a600000,0x000000077b822420,0x000000077bc00000)
  to   space 24576K, 0% used [0x0000000778e00000,0x0000000778e00000,0x000000077a600000)
 ParOldGen       total 122880K, used 39203K [0x00000006c0000000, 0x00000006c7800000, 0x000000076ab00000)
  object space 122880K, 31% used [0x00000006c0000000,0x00000006c2648db8,0x00000006c7800000)
 Metaspace       used 62697K, capacity 64676K, committed 64856K, reserved 1105920K
  class space    used 8527K, capacity 9019K, committed 9088K, reserved 1048576K
}
Event: 25,547 GC heap before
{Heap before GC invocations=14 (full 3):
 PSYoungGen      total 254976K, used 251017K [0x000000076ab00000, 0x000000077c480000, 0x00000007c0000000)
  eden space 232448K, 100% used [0x000000076ab00000,0x0000000778e00000,0x0000000778e00000)
  from space 22528K, 82% used [0x000000077a600000,0x000000077b822420,0x000000077bc00000)
  to   space 24576K, 0% used [0x0000000778e00000,0x0000000778e00000,0x000000077a600000)
 ParOldGen       total 122880K, used 39203K [0x00000006c0000000, 0x00000006c7800000, 0x000000076ab00000)
  object space 122880K, 31% used [0x00000006c0000000,0x00000006c2648db8,0x00000006c7800000)
 Metaspace       used 64296K, capacity 66196K, committed 66520K, reserved 1105920K
  class space    used 8666K, capacity 9095K, committed 9216K, reserved 1048576K

